Oct 15 06:47:02 metasploitable CRON[8349]: pam_unix(cron:session): session closed for user root
Oct 15 07:09:01 metasploitable CRON[8843]: pam_unix(cron:session): session opened for user root by (uid=0)
Oct 15 07:09:01 metasploitable CRON[8843]: pam_unix(cron:session): session closed for user root
Oct 15 07:17:01 metasploitable CRON[8959]: pam_unix(cron:session): session opened for user root by (uid=0)
Oct 15 07:17:01 metasploitable CRON[8959]: pam_unix(cron:session): session closed for user root
Oct 15 07:39:01 metasploitable CRON[9249]: pam_unix(cron:session): session opened for user root by (uid=0)
Oct 15 07:39:01 metasploitable CRON[9249]: pam_unix(cron:session): session closed for user root
Oct 15 08:09:01 metasploitable CRON[9653]: pam_unix(cron:session): session opened for user root by (uid=0)
Oct 15 08:09:01 metasploitable CRON[9653]: pam_unix(cron:session): session closed for user root
Oct 15 08:17:01 metasploitable CRON[9770]: pam_unix(cron:session): session opened for user root by (uid=0)
Oct 15 08:17:01 metasploitable CRON[9770]: pam_unix(cron:session): session closed for user root
Oct 15 08:39:01 metasploitable CRON[10060]: pam_unix(cron:session): session opened for user root by (uid=0)
Oct 15 08:39:01 metasploitable CRON[10060]: pam_unix(cron:session): session closed for user root
Oct 15 09:09:01 metasploitable CRON[10464]: pam_unix(cron:session): session opened for user root by (uid=0)
Oct 15 09:09:01 metasploitable CRON[10464]: pam_unix(cron:session): session closed for user root
Oct 15 09:17:01 metasploitable CRON[10580]: pam_unix(cron:session): session opened for user root by (uid=0)
Oct 15 09:17:01 metasploitable CRON[10580]: pam_unix(cron:session): session closed for user root
Oct 15 09:39:01 metasploitable CRON[10870]: pam_unix(cron:session): session opened for user root by (uid=0)
Oct 15 09:39:01 metasploitable CRON[10870]: pam_unix(cron:session): session closed for user root
Oct 15 10:09:01 metasploitable CRON[11275]: pam_unix(cron:session): session opened for user root by (uid=0)
Oct 15 10:09:01 metasploitable CRON[11275]: pam_unix(cron:session): session closed for user root
Oct 15 10:17:01 metasploitable CRON[11391]: pam_unix(cron:session): session opened for user root by (uid=0)
Oct 15 10:17:01 metasploitable CRON[11391]: pam_unix(cron:session): session closed for user root
Oct 15 10:39:01 metasploitable CRON[11681]: pam_unix(cron:session): session opened for user root by (uid=0)
Oct 15 10:39:01 metasploitable CRON[11681]: pam_unix(cron:session): session closed for user root
Oct 15 11:09:01 metasploitable CRON[12085]: pam_unix(cron:session): session opened for user root by (uid=0)
Oct 15 11:09:01 metasploitable CRON[12085]: pam_unix(cron:session): session closed for user root
Oct 15 11:17:01 metasploitable CRON[12201]: pam_unix(cron:session): session opened for user root by (uid=0)
Oct 15 11:17:01 metasploitable CRON[12201]: pam_unix(cron:session): session closed for user root
Oct 15 11:39:01 metasploitable CRON[12492]: pam_unix(cron:session): session opened for user root by (uid=0)
Oct 15 11:39:01 metasploitable CRON[12492]: pam_unix(cron:session): session closed for user root
Oct 15 12:09:01 metasploitable CRON[12896]: pam_unix(cron:session): session opened for user root by (uid=0)
Oct 15 12:09:01 metasploitable CRON[12896]: pam_unix(cron:session): session closed for user root
Oct 15 12:17:01 metasploitable CRON[13012]: pam_unix(cron:session): session opened for user root by (uid=0)
Oct 15 12:17:01 metasploitable CRON[13012]: pam_unix(cron:session): session closed for user root
Oct 15 12:39:01 metasploitable CRON[13302]: pam_unix(cron:session): session opened for user root by (uid=0)
Oct 15 12:39:01 metasploitable CRON[13302]: pam_unix(cron:session): session closed for user root
Oct 15 13:09:01 metasploitable CRON[13706]: pam_unix(cron:session): session opened for user root by (uid=0)
Oct 15 13:09:01 metasploitable CRON[13706]: pam_unix(cron:session): session closed for user root
Oct 15 13:17:01 metasploitable CRON[13823]: pam_unix(cron:session): session opened for user root by (uid=0)
Oct 15 13:17:01 metasploitable CRON[13823]: pam_unix(cron:session): session closed for user root
Oct 15 13:39:01 metasploitable CRON[14113]: pam_unix(cron:session): session opened for user root by (uid=0)
Oct 15 13:39:01 metasploitable CRON[14113]: pam_unix(cron:session): session closed for user root
Oct 15 14:09:01 metasploitable CRON[14517]: pam_unix(cron:session): session opened for user root by (uid=0)
Oct 15 14:09:01 metasploitable CRON[14517]: pam_unix(cron:session): session closed for user root
Oct 15 14:17:01 metasploitable CRON[14633]: pam_unix(cron:session): session opened for user root by (uid=0)
Oct 15 14:17:01 metasploitable CRON[14633]: pam_unix(cron:session): session closed for user root
Oct 15 14:39:01 metasploitable CRON[14923]: pam_unix(cron:session): session opened for user root by (uid=0)
Oct 15 14:39:01 metasploitable CRON[14923]: pam_unix(cron:session): session closed for user root
Oct 15 15:09:01 metasploitable CRON[15328]: pam_unix(cron:session): session opened for user root by (uid=0)
Oct 15 15:09:01 metasploitable CRON[15328]: pam_unix(cron:session): session closed for user root
Oct 15 15:17:01 metasploitable CRON[15444]: pam_unix(cron:session): session opened for user root by (uid=0)
Oct 15 15:17:01 metasploitable CRON[15444]: pam_unix(cron:session): session closed for user root
Oct 15 15:39:01 metasploitable CRON[15734]: pam_unix(cron:session): session opened for user root by (uid=0)
Oct 15 15:39:01 metasploitable CRON[15734]: pam_unix(cron:session): session closed for user root
Oct 15 16:09:01 metasploitable CRON[16138]: pam_unix(cron:session): session opened for user root by (uid=0)
Oct 15 16:09:01 metasploitable CRON[16138]: pam_unix(cron:session): session closed for user root
Oct 15 16:17:01 metasploitable CRON[16254]: pam_unix(cron:session): session opened for user root by (uid=0)
Oct 15 16:17:01 metasploitable CRON[16254]: pam_unix(cron:session): session closed for user root
Oct 15 16:39:01 metasploitable CRON[16545]: pam_unix(cron:session): session opened for user root by (uid=0)
Oct 15 16:39:01 metasploitable CRON[16545]: pam_unix(cron:session): session closed for user root
Oct 15 17:09:01 metasploitable CRON[16949]: pam_unix(cron:session): session opened for user root by (uid=0)
Oct 15 17:09:01 metasploitable CRON[16949]: pam_unix(cron:session): session closed for user root
Oct 15 17:17:01 metasploitable CRON[17065]: pam_unix(cron:session): session opened for user root by (uid=0)
Oct 15 17:17:01 metasploitable CRON[17065]: pam_unix(cron:session): session closed for user root
Oct 15 17:39:01 metasploitable CRON[17355]: pam_unix(cron:session): session opened for user root by (uid=0)
Oct 15 17:39:01 metasploitable CRON[17355]: pam_unix(cron:session): session closed for user root
Oct 15 18:09:01 metasploitable CRON[17759]: pam_unix(cron:session): session opened for user root by (uid=0)
Oct 15 18:09:01 metasploitable CRON[17759]: pam_unix(cron:session): session closed for user root
Oct 15 18:17:01 metasploitable CRON[17876]: pam_unix(cron:session): session opened for user root by (uid=0)
Oct 15 18:17:01 metasploitable CRON[17876]: pam_unix(cron:session): session closed for user root
Oct 15 18:39:01 metasploitable CRON[18166]: pam_unix(cron:session): session opened for user root by (uid=0)
Oct 15 18:39:01 metasploitable CRON[18166]: pam_unix(cron:session): session closed for user root
Oct 15 19:09:01 metasploitable CRON[18570]: pam_unix(cron:session): session opened for user root by (uid=0)
Oct 15 19:09:01 metasploitable CRON[18570]: pam_unix(cron:session): session closed for user root
Oct 15 19:17:01 metasploitable CRON[18686]: pam_unix(cron:session): session opened for user root by (uid=0)
Oct 15 19:17:01 metasploitable CRON[18686]: pam_unix(cron:session): session closed for user root
Oct 15 19:39:01 metasploitable CRON[18976]: pam_unix(cron:session): session opened for user root by (uid=0)
Oct 15 19:39:01 metasploitable CRON[18976]: pam_unix(cron:session): session closed for user root
Oct 15 20:09:01 metasploitable CRON[19381]: pam_unix(cron:session): session opened for user root by (uid=0)
Oct 15 20:09:01 metasploitable CRON[19381]: pam_unix(cron:session): session closed for user root
Oct 15 20:17:01 metasploitable CRON[19497]: pam_unix(cron:session): session opened for user root by (uid=0)
Oct 15 20:17:01 metasploitable CRON[19497]: pam_unix(cron:session): session closed for user root
Oct 15 20:39:01 metasploitable CRON[19787]: pam_unix(cron:session): session opened for user root by (uid=0)
Oct 15 20:39:01 metasploitable CRON[19787]: pam_unix(cron:session): session closed for user root
Oct 15 21:09:01 metasploitable CRON[20191]: pam_unix(cron:session): session opened for user root by (uid=0)
Oct 15 21:09:01 metasploitable CRON[20191]: pam_unix(cron:session): session closed for user root
Oct 15 21:17:01 metasploitable CRON[20307]: pam_unix(cron:session): session opened for user root by (uid=0)
Oct 15 21:17:01 metasploitable CRON[20307]: pam_unix(cron:session): session closed for user root
Oct 15 21:39:01 metasploitable CRON[20598]: pam_unix(cron:session): session opened for user root by (uid=0)
Oct 15 21:39:01 metasploitable CRON[20598]: pam_unix(cron:session): session closed for user root
Oct 15 22:09:01 metasploitable CRON[21002]: pam_unix(cron:session): session opened for user root by (uid=0)
Oct 15 22:09:01 metasploitable CRON[21002]: pam_unix(cron:session): session closed for user root
Oct 15 22:17:01 metasploitable CRON[21118]: pam_unix(cron:session): session opened for user root by (uid=0)
Oct 15 22:17:01 metasploitable CRON[21118]: pam_unix(cron:session): session closed for user root
Oct 15 22:39:01 metasploitable CRON[21408]: pam_unix(cron:session): session opened for user root by (uid=0)
Oct 15 22:39:01 metasploitable CRON[21408]: pam_unix(cron:session): session closed for user root
Oct 15 23:09:01 metasploitable CRON[21812]: pam_unix(cron:session): session opened for user root by (uid=0)
Oct 15 23:09:01 metasploitable CRON[21812]: pam_unix(cron:session): session closed for user root
Oct 15 23:17:01 metasploitable CRON[21929]: pam_unix(cron:session): session opened for user root by (uid=0)
Oct 15 23:17:01 metasploitable CRON[21929]: pam_unix(cron:session): session closed for user root
Oct 15 23:39:01 metasploitable CRON[22219]: pam_unix(cron:session): session opened for user root by (uid=0)
Oct 15 23:39:01 metasploitable CRON[22219]: pam_unix(cron:session): session closed for user root
Oct 16 00:02:01 metasploitable CRON[22531]: pam_unix(cron:session): session opened for user root by (uid=0)
Oct 16 00:02:01 metasploitable CRON[22531]: pam_unix(cron:session): session closed for user root
Oct 16 00:09:01 metasploitable CRON[22627]: pam_unix(cron:session): session opened for user root by (uid=0)
Oct 16 00:09:01 metasploitable CRON[22627]: pam_unix(cron:session): session closed for user root
Oct 16 00:17:01 metasploitable CRON[22743]: pam_unix(cron:session): session opened for user root by (uid=0)
Oct 16 00:17:01 metasploitable CRON[22743]: pam_unix(cron:session): session closed for user root
Oct 16 00:39:01 metasploitable CRON[23033]: pam_unix(cron:session): session opened for user root by (uid=0)
Oct 16 00:39:01 metasploitable CRON[23033]: pam_unix(cron:session): session closed for user root
Oct 16 01:09:01 metasploitable CRON[23438]: pam_unix(cron:session): session opened for user root by (uid=0)
Oct 16 01:09:01 metasploitable CRON[23438]: pam_unix(cron:session): session closed for user root
Oct 16 01:17:01 metasploitable CRON[23554]: pam_unix(cron:session): session opened for user root by (uid=0)
Oct 16 01:17:01 metasploitable CRON[23554]: pam_unix(cron:session): session closed for user root
Oct 16 01:39:01 metasploitable CRON[23844]: pam_unix(cron:session): session opened for user root by (uid=0)
Oct 16 01:39:01 metasploitable CRON[23844]: pam_unix(cron:session): session closed for user root
Oct 16 02:09:01 metasploitable CRON[24248]: pam_unix(cron:session): session opened for user root by (uid=0)
Oct 16 02:09:01 metasploitable CRON[24248]: pam_unix(cron:session): session closed for user root
Oct 16 02:17:01 metasploitable CRON[24364]: pam_unix(cron:session): session opened for user root by (uid=0)
Oct 16 02:17:01 metasploitable CRON[24364]: pam_unix(cron:session): session closed for user root
Oct 16 02:39:01 metasploitable CRON[24655]: pam_unix(cron:session): session opened for user root by (uid=0)
Oct 16 02:39:01 metasploitable CRON[24655]: pam_unix(cron:session): session closed for user root
Oct 16 03:09:01 metasploitable CRON[25059]: pam_unix(cron:session): session opened for user root by (uid=0)
Oct 16 03:09:01 metasploitable CRON[25059]: pam_unix(cron:session): session closed for user root
Oct 16 03:17:01 metasploitable CRON[25175]: pam_unix(cron:session): session opened for user root by (uid=0)
Oct 16 03:17:01 metasploitable CRON[25175]: pam_unix(cron:session): session closed for user root
Oct 16 03:39:01 metasploitable CRON[25465]: pam_unix(cron:session): session opened for user root by (uid=0)
Oct 16 03:39:01 metasploitable CRON[25465]: pam_unix(cron:session): session closed for user root
Oct 16 04:09:01 metasploitable CRON[25869]: pam_unix(cron:session): session opened for user root by (uid=0)
Oct 16 04:09:01 metasploitable CRON[25869]: pam_unix(cron:session): session closed for user root
Oct 16 04:17:01 metasploitable CRON[25986]: pam_unix(cron:session): session opened for user root by (uid=0)
Oct 16 04:17:01 metasploitable CRON[25986]: pam_unix(cron:session): session closed for user root
Oct 16 04:39:01 metasploitable CRON[26275]: pam_unix(cron:session): session opened for user root by (uid=0)
Oct 16 04:39:01 metasploitable CRON[26275]: pam_unix(cron:session): session closed for user root
Oct 16 05:02:01 metasploitable CRON[26588]: pam_unix(cron:session): session opened for user root by (uid=0)
Oct 16 05:02:01 metasploitable CRON[26588]: pam_unix(cron:session): session closed for user root
Oct 16 05:09:01 metasploitable CRON[26683]: pam_unix(cron:session): session opened for user root by (uid=0)
Oct 16 05:09:01 metasploitable CRON[26683]: pam_unix(cron:session): session closed for user root
Oct 16 05:17:01 metasploitable CRON[26799]: pam_unix(cron:session): session opened for user root by (uid=0)
Oct 16 05:17:01 metasploitable CRON[26799]: pam_unix(cron:session): session closed for user root
Oct 16 05:39:01 metasploitable CRON[27089]: pam_unix(cron:session): session opened for user root by (uid=0)
Oct 16 05:39:01 metasploitable CRON[27089]: pam_unix(cron:session): session closed for user root
Oct 16 06:09:01 metasploitable CRON[27494]: pam_unix(cron:session): session opened for user root by (uid=0)
Oct 16 06:09:01 metasploitable CRON[27494]: pam_unix(cron:session): session closed for user root
Oct 16 06:17:01 metasploitable CRON[27610]: pam_unix(cron:session): session opened for user root by (uid=0)
Oct 16 06:17:01 metasploitable CRON[27610]: pam_unix(cron:session): session closed for user root
Oct 16 06:25:01 metasploitable CRON[27718]: pam_unix(cron:session): session opened for user root by (uid=0)
Oct 16 06:25:01 metasploitable sudo:     root : unable to resolve host metasploitable
Oct 16 06:25:01 metasploitable sudo:     root : TTY=unknown ; PWD=/ ; USER=msfadmin ; COMMAND=/usr/bin/gconftool --get /system/http_proxy/use_http_proxy
Oct 16 06:25:01 metasploitable sudo: pam_unix(sudo:session): session opened for user msfadmin by (uid=0)
Oct 16 06:25:01 metasploitable sudo: pam_unix(sudo:session): session closed for user msfadmin
Oct 16 06:25:02 metasploitable sudo:     root : unable to resolve host metasploitable
Oct 16 06:25:02 metasploitable sudo:     root : TTY=unknown ; PWD=/ ; USER=msfadmin ; COMMAND=/usr/bin/gconftool --get /system/http_proxy/host
Oct 16 06:25:02 metasploitable sudo: pam_unix(sudo:session): session opened for user msfadmin by (uid=0)
Oct 16 06:25:02 metasploitable sudo: pam_unix(sudo:session): session closed for user msfadmin
Oct 16 06:25:02 metasploitable sudo:     root : unable to resolve host metasploitable
Oct 16 06:25:02 metasploitable sudo:     root : TTY=unknown ; PWD=/ ; USER=msfadmin ; COMMAND=/usr/bin/gconftool --get /system/http_proxy/port
Oct 16 06:25:02 metasploitable sudo: pam_unix(sudo:session): session opened for user msfadmin by (uid=0)
Oct 16 06:25:02 metasploitable sudo: pam_unix(sudo:session): session closed for user msfadmin
Oct 16 06:39:01 metasploitable CRON[27936]: pam_unix(cron:session): session opened for user root by (uid=0)
Oct 16 06:39:01 metasploitable CRON[27936]: pam_unix(cron:session): session closed for user root
Oct 16 06:52:40 metasploitable CRON[27718]: pam_unix(cron:session): session closed for user root
Oct 16 07:09:01 metasploitable CRON[28446]: pam_unix(cron:session): session opened for user root by (uid=0)
Oct 16 07:09:01 metasploitable CRON[28446]: pam_unix(cron:session): session closed for user root
Oct 16 07:17:01 metasploitable CRON[28562]: pam_unix(cron:session): session opened for user root by (uid=0)
Oct 16 07:17:01 metasploitable CRON[28562]: pam_unix(cron:session): session closed for user root
Oct 16 07:39:01 metasploitable CRON[28853]: pam_unix(cron:session): session opened for user root by (uid=0)
Oct 16 07:39:01 metasploitable CRON[28853]: pam_unix(cron:session): session closed for user root
Oct 16 08:09:01 metasploitable CRON[29257]: pam_unix(cron:session): session opened for user root by (uid=0)
Oct 16 08:09:01 metasploitable CRON[29257]: pam_unix(cron:session): session closed for user root
Oct 16 08:17:01 metasploitable CRON[29373]: pam_unix(cron:session): session opened for user root by (uid=0)
Oct 16 08:17:01 metasploitable CRON[29373]: pam_unix(cron:session): session closed for user root
Oct 16 08:39:01 metasploitable CRON[29663]: pam_unix(cron:session): session opened for user root by (uid=0)
Oct 16 08:39:01 metasploitable CRON[29663]: pam_unix(cron:session): session closed for user root
Oct 16 09:09:01 metasploitable CRON[30067]: pam_unix(cron:session): session opened for user root by (uid=0)
Oct 16 09:09:01 metasploitable CRON[30067]: pam_unix(cron:session): session closed for user root
Oct 16 09:17:01 metasploitable CRON[30184]: pam_unix(cron:session): session opened for user root by (uid=0)
Oct 16 09:17:01 metasploitable CRON[30184]: pam_unix(cron:session): session closed for user root
Oct 16 09:39:01 metasploitable CRON[30474]: pam_unix(cron:session): session opened for user root by (uid=0)
Oct 16 09:39:01 metasploitable CRON[30474]: pam_unix(cron:session): session closed for user root
Oct 16 10:02:01 metasploitable CRON[30786]: pam_unix(cron:session): session opened for user root by (uid=0)
Oct 16 10:02:01 metasploitable CRON[30786]: pam_unix(cron:session): session closed for user root
Oct 16 10:09:02 metasploitable CRON[30882]: pam_unix(cron:session): session opened for user root by (uid=0)
Oct 16 10:09:02 metasploitable CRON[30882]: pam_unix(cron:session): session closed for user root
Oct 16 10:17:01 metasploitable CRON[30998]: pam_unix(cron:session): session opened for user root by (uid=0)
Oct 16 10:17:01 metasploitable CRON[30998]: pam_unix(cron:session): session closed for user root
Oct 16 10:39:01 metasploitable CRON[31288]: pam_unix(cron:session): session opened for user root by (uid=0)
Oct 16 10:39:01 metasploitable CRON[31288]: pam_unix(cron:session): session closed for user root
Oct 16 11:09:01 metasploitable CRON[31693]: pam_unix(cron:session): session opened for user root by (uid=0)
Oct 16 11:09:01 metasploitable CRON[31693]: pam_unix(cron:session): session closed for user root
Oct 16 11:17:01 metasploitable CRON[31809]: pam_unix(cron:session): session opened for user root by (uid=0)
Oct 16 11:17:01 metasploitable CRON[31809]: pam_unix(cron:session): session closed for user root
Oct 16 11:39:01 metasploitable CRON[32099]: pam_unix(cron:session): session opened for user root by (uid=0)
Oct 16 11:39:01 metasploitable CRON[32099]: pam_unix(cron:session): session closed for user root
Oct 16 12:09:01 metasploitable CRON[32503]: pam_unix(cron:session): session opened for user root by (uid=0)
Oct 16 12:09:01 metasploitable CRON[32503]: pam_unix(cron:session): session closed for user root
Oct 16 12:17:01 metasploitable CRON[32619]: pam_unix(cron:session): session opened for user root by (uid=0)
Oct 16 12:17:01 metasploitable CRON[32619]: pam_unix(cron:session): session closed for user root
Oct 16 12:39:01 metasploitable CRON[442]: pam_unix(cron:session): session opened for user root by (uid=0)
Oct 16 12:39:01 metasploitable CRON[442]: pam_unix(cron:session): session closed for user root
Oct 16 13:09:01 metasploitable CRON[846]: pam_unix(cron:session): session opened for user root by (uid=0)
Oct 16 13:09:01 metasploitable CRON[846]: pam_unix(cron:session): session closed for user root
Oct 16 13:17:01 metasploitable CRON[962]: pam_unix(cron:session): session opened for user root by (uid=0)
Oct 16 13:17:01 metasploitable CRON[962]: pam_unix(cron:session): session closed for user root
Oct 16 13:39:01 metasploitable CRON[1252]: pam_unix(cron:session): session opened for user root by (uid=0)
Oct 16 13:39:01 metasploitable CRON[1252]: pam_unix(cron:session): session closed for user root
Oct 16 14:09:01 metasploitable CRON[1663]: pam_unix(cron:session): session opened for user root by (uid=0)
Oct 16 14:09:01 metasploitable CRON[1663]: pam_unix(cron:session): session closed for user root
Oct 16 14:17:01 metasploitable CRON[1780]: pam_unix(cron:session): session opened for user root by (uid=0)
Oct 16 14:17:01 metasploitable CRON[1780]: pam_unix(cron:session): session closed for user root
Oct 16 14:39:01 metasploitable CRON[2070]: pam_unix(cron:session): session opened for user root by (uid=0)
Oct 16 14:39:01 metasploitable CRON[2070]: pam_unix(cron:session): session closed for user root
Oct 16 15:02:01 metasploitable CRON[2383]: pam_unix(cron:session): session opened for user root by (uid=0)
Oct 16 15:02:01 metasploitable CRON[2383]: pam_unix(cron:session): session closed for user root
Oct 16 15:09:01 metasploitable CRON[2479]: pam_unix(cron:session): session opened for user root by (uid=0)
Oct 16 15:09:01 metasploitable CRON[2479]: pam_unix(cron:session): session closed for user root
Oct 16 15:17:01 metasploitable CRON[2595]: pam_unix(cron:session): session opened for user root by (uid=0)
Oct 16 15:17:01 metasploitable CRON[2595]: pam_unix(cron:session): session closed for user root
Oct 16 15:39:01 metasploitable CRON[2887]: pam_unix(cron:session): session opened for user root by (uid=0)
Oct 16 15:39:01 metasploitable CRON[2887]: pam_unix(cron:session): session closed for user root
Oct 16 16:09:01 metasploitable CRON[3293]: pam_unix(cron:session): session opened for user root by (uid=0)
Oct 16 16:09:01 metasploitable CRON[3293]: pam_unix(cron:session): session closed for user root
Oct 16 16:17:01 metasploitable CRON[3409]: pam_unix(cron:session): session opened for user root by (uid=0)
Oct 16 16:17:01 metasploitable CRON[3409]: pam_unix(cron:session): session closed for user root
Oct 16 16:39:01 metasploitable CRON[3699]: pam_unix(cron:session): session opened for user root by (uid=0)
Oct 16 16:39:01 metasploitable CRON[3699]: pam_unix(cron:session): session closed for user root
Oct 16 17:09:01 metasploitable CRON[4104]: pam_unix(cron:session): session opened for user root by (uid=0)
Oct 16 17:09:01 metasploitable CRON[4104]: pam_unix(cron:session): session closed for user root
Oct 16 17:17:01 metasploitable CRON[4220]: pam_unix(cron:session): session opened for user root by (uid=0)
Oct 16 17:17:01 metasploitable CRON[4220]: pam_unix(cron:session): session closed for user root
Oct 16 17:39:01 metasploitable CRON[4521]: pam_unix(cron:session): session opened for user root by (uid=0)
Oct 16 17:39:01 metasploitable CRON[4521]: pam_unix(cron:session): session closed for user root
Oct 16 18:09:01 metasploitable CRON[4955]: pam_unix(cron:session): session opened for user root by (uid=0)
Oct 16 18:09:01 metasploitable CRON[4955]: pam_unix(cron:session): session closed for user root
Oct 16 18:17:01 metasploitable CRON[5091]: pam_unix(cron:session): session opened for user root by (uid=0)
Oct 16 18:17:01 metasploitable CRON[5091]: pam_unix(cron:session): session closed for user root
Oct 16 18:39:01 metasploitable CRON[5498]: pam_unix(cron:session): session opened for user root by (uid=0)
Oct 16 18:39:01 metasploitable CRON[5498]: pam_unix(cron:session): session closed for user root
Oct 16 19:09:01 metasploitable CRON[5926]: pam_unix(cron:session): session opened for user root by (uid=0)
Oct 16 19:09:01 metasploitable CRON[5926]: pam_unix(cron:session): session closed for user root
Oct 16 19:17:01 metasploitable CRON[6043]: pam_unix(cron:session): session opened for user root by (uid=0)
Oct 16 19:17:01 metasploitable CRON[6043]: pam_unix(cron:session): session closed for user root
Oct 16 19:39:01 metasploitable CRON[6333]: pam_unix(cron:session): session opened for user root by (uid=0)
Oct 16 19:39:01 metasploitable CRON[6333]: pam_unix(cron:session): session closed for user root
Oct 16 20:02:01 metasploitable CRON[6646]: pam_unix(cron:session): session opened for user root by (uid=0)
Oct 16 20:02:01 metasploitable CRON[6646]: pam_unix(cron:session): session closed for user root
Oct 16 20:09:01 metasploitable CRON[6742]: pam_unix(cron:session): session opened for user root by (uid=0)
Oct 16 20:09:01 metasploitable CRON[6742]: pam_unix(cron:session): session closed for user root
Oct 16 20:17:01 metasploitable CRON[6858]: pam_unix(cron:session): session opened for user root by (uid=0)
Oct 16 20:17:01 metasploitable CRON[6858]: pam_unix(cron:session): session closed for user root
Oct 16 20:39:01 metasploitable CRON[7148]: pam_unix(cron:session): session opened for user root by (uid=0)
Oct 16 20:39:01 metasploitable CRON[7148]: pam_unix(cron:session): session closed for user root
Oct 16 21:09:01 metasploitable CRON[7552]: pam_unix(cron:session): session opened for user root by (uid=0)
Oct 16 21:09:01 metasploitable CRON[7552]: pam_unix(cron:session): session closed for user root
Oct 16 21:17:01 metasploitable CRON[7669]: pam_unix(cron:session): session opened for user root by (uid=0)
Oct 16 21:17:01 metasploitable CRON[7669]: pam_unix(cron:session): session closed for user root
Oct 16 21:39:01 metasploitable CRON[7959]: pam_unix(cron:session): session opened for user root by (uid=0)
Oct 16 21:39:01 metasploitable CRON[7959]: pam_unix(cron:session): session closed for user root
Oct 16 22:09:01 metasploitable CRON[8367]: pam_unix(cron:session): session opened for user root by (uid=0)
Oct 16 22:09:01 metasploitable CRON[8367]: pam_unix(cron:session): session closed for user root
Oct 16 22:17:01 metasploitable CRON[8484]: pam_unix(cron:session): session opened for user root by (uid=0)
Oct 16 22:17:01 metasploitable CRON[8484]: pam_unix(cron:session): session closed for user root
Oct 16 22:39:01 metasploitable CRON[8775]: pam_unix(cron:session): session opened for user root by (uid=0)
Oct 16 22:39:01 metasploitable CRON[8775]: pam_unix(cron:session): session closed for user root
Oct 16 23:09:01 metasploitable CRON[9178]: pam_unix(cron:session): session opened for user root by (uid=0)
Oct 16 23:09:01 metasploitable CRON[9178]: pam_unix(cron:session): session closed for user root
Oct 16 23:17:01 metasploitable CRON[9295]: pam_unix(cron:session): session opened for user root by (uid=0)
Oct 16 23:17:01 metasploitable CRON[9295]: pam_unix(cron:session): session closed for user root
Oct 16 23:39:01 metasploitable CRON[9585]: pam_unix(cron:session): session opened for user root by (uid=0)
Oct 16 23:39:01 metasploitable CRON[9585]: pam_unix(cron:session): session closed for user root
Oct 17 00:02:01 metasploitable CRON[9897]: pam_unix(cron:session): session opened for user root by (uid=0)
Oct 17 00:02:01 metasploitable CRON[9897]: pam_unix(cron:session): session closed for user root
Oct 17 00:09:01 metasploitable CRON[9992]: pam_unix(cron:session): session opened for user root by (uid=0)
Oct 17 00:09:01 metasploitable CRON[9992]: pam_unix(cron:session): session closed for user root
Oct 17 00:17:01 metasploitable CRON[10110]: pam_unix(cron:session): session opened for user root by (uid=0)
Oct 17 00:17:01 metasploitable CRON[10110]: pam_unix(cron:session): session closed for user root
Oct 17 00:39:01 metasploitable CRON[10400]: pam_unix(cron:session): session opened for user root by (uid=0)
Oct 17 00:39:01 metasploitable CRON[10400]: pam_unix(cron:session): session closed for user root
Oct 17 01:09:01 metasploitable CRON[10803]: pam_unix(cron:session): session opened for user root by (uid=0)
Oct 17 01:09:01 metasploitable CRON[10803]: pam_unix(cron:session): session closed for user root
Oct 17 01:17:01 metasploitable CRON[10920]: pam_unix(cron:session): session opened for user root by (uid=0)
Oct 17 01:17:01 metasploitable CRON[10920]: pam_unix(cron:session): session closed for user root
Oct 17 01:39:01 metasploitable CRON[11210]: pam_unix(cron:session): session opened for user root by (uid=0)
Oct 17 01:39:01 metasploitable CRON[11210]: pam_unix(cron:session): session closed for user root
Oct 17 02:09:01 metasploitable CRON[11614]: pam_unix(cron:session): session opened for user root by (uid=0)
Oct 17 02:09:01 metasploitable CRON[11614]: pam_unix(cron:session): session closed for user root
Oct 17 02:17:01 metasploitable CRON[11731]: pam_unix(cron:session): session opened for user root by (uid=0)
Oct 17 02:17:01 metasploitable CRON[11731]: pam_unix(cron:session): session closed for user root
Oct 17 02:39:01 metasploitable CRON[12021]: pam_unix(cron:session): session opened for user root by (uid=0)
Oct 17 02:39:01 metasploitable CRON[12021]: pam_unix(cron:session): session closed for user root
Oct 17 03:09:01 metasploitable CRON[12424]: pam_unix(cron:session): session opened for user root by (uid=0)
Oct 17 03:09:01 metasploitable CRON[12424]: pam_unix(cron:session): session closed for user root
Oct 17 03:17:01 metasploitable CRON[12541]: pam_unix(cron:session): session opened for user root by (uid=0)
Oct 17 03:17:01 metasploitable CRON[12541]: pam_unix(cron:session): session closed for user root
Oct 17 03:39:01 metasploitable CRON[12832]: pam_unix(cron:session): session opened for user root by (uid=0)
Oct 17 03:39:01 metasploitable CRON[12832]: pam_unix(cron:session): session closed for user root
Oct 17 04:09:01 metasploitable CRON[13235]: pam_unix(cron:session): session opened for user root by (uid=0)
Oct 17 04:09:01 metasploitable CRON[13235]: pam_unix(cron:session): session closed for user root
Oct 17 04:17:01 metasploitable CRON[13352]: pam_unix(cron:session): session opened for user root by (uid=0)
Oct 17 04:17:01 metasploitable CRON[13352]: pam_unix(cron:session): session closed for user root
Oct 17 04:39:01 metasploitable CRON[13642]: pam_unix(cron:session): session opened for user root by (uid=0)
Oct 17 04:39:01 metasploitable CRON[13642]: pam_unix(cron:session): session closed for user root
Oct 17 05:02:01 metasploitable CRON[13954]: pam_unix(cron:session): session opened for user root by (uid=0)
Oct 17 05:02:02 metasploitable CRON[13954]: pam_unix(cron:session): session closed for user root
Oct 17 05:09:01 metasploitable CRON[14049]: pam_unix(cron:session): session opened for user root by (uid=0)
Oct 17 05:09:01 metasploitable CRON[14049]: pam_unix(cron:session): session closed for user root
Oct 17 05:17:01 metasploitable CRON[14167]: pam_unix(cron:session): session opened for user root by (uid=0)
Oct 17 05:17:01 metasploitable CRON[14167]: pam_unix(cron:session): session closed for user root
Oct 17 05:39:01 metasploitable CRON[14456]: pam_unix(cron:session): session opened for user root by (uid=0)
Oct 17 05:39:01 metasploitable CRON[14456]: pam_unix(cron:session): session closed for user root
Oct 17 06:09:01 metasploitable CRON[14859]: pam_unix(cron:session): session opened for user root by (uid=0)
Oct 17 06:09:01 metasploitable CRON[14859]: pam_unix(cron:session): session closed for user root
Oct 17 06:17:01 metasploitable CRON[14976]: pam_unix(cron:session): session opened for user root by (uid=0)
Oct 17 06:17:01 metasploitable CRON[14976]: pam_unix(cron:session): session closed for user root
Oct 17 06:25:01 metasploitable CRON[15083]: pam_unix(cron:session): session opened for user root by (uid=0)
Oct 17 06:25:02 metasploitable sudo:     root : unable to resolve host metasploitable
Oct 17 06:25:02 metasploitable sudo:     root : TTY=unknown ; PWD=/ ; USER=msfadmin ; COMMAND=/usr/bin/gconftool --get /system/http_proxy/use_http_proxy
Oct 17 06:25:02 metasploitable sudo: pam_unix(sudo:session): session opened for user msfadmin by (uid=0)
Oct 17 06:25:02 metasploitable sudo: pam_unix(sudo:session): session closed for user msfadmin
Oct 17 06:25:02 metasploitable sudo:     root : unable to resolve host metasploitable
Oct 17 06:25:02 metasploitable sudo:     root : TTY=unknown ; PWD=/ ; USER=msfadmin ; COMMAND=/usr/bin/gconftool --get /system/http_proxy/host
Oct 17 06:25:02 metasploitable sudo: pam_unix(sudo:session): session opened for user msfadmin by (uid=0)
Oct 17 06:25:02 metasploitable sudo: pam_unix(sudo:session): session closed for user msfadmin
Oct 17 06:25:02 metasploitable sudo:     root : unable to resolve host metasploitable
Oct 17 06:25:02 metasploitable sudo:     root : TTY=unknown ; PWD=/ ; USER=msfadmin ; COMMAND=/usr/bin/gconftool --get /system/http_proxy/port
Oct 17 06:25:02 metasploitable sudo: pam_unix(sudo:session): session opened for user msfadmin by (uid=0)
Oct 17 06:25:02 metasploitable sudo: pam_unix(sudo:session): session closed for user msfadmin
Oct 17 06:27:35 metasploitable CRON[15083]: pam_unix(cron:session): session closed for user root
Oct 17 06:39:01 metasploitable CRON[15408]: pam_unix(cron:session): session opened for user root by (uid=0)
Oct 17 06:39:01 metasploitable CRON[15408]: pam_unix(cron:session): session closed for user root
Oct 17 07:09:01 metasploitable CRON[15812]: pam_unix(cron:session): session opened for user root by (uid=0)
Oct 17 07:09:01 metasploitable CRON[15812]: pam_unix(cron:session): session closed for user root
Oct 17 07:17:01 metasploitable CRON[15929]: pam_unix(cron:session): session opened for user root by (uid=0)
Oct 17 07:17:01 metasploitable CRON[15929]: pam_unix(cron:session): session closed for user root
Oct 17 07:39:01 metasploitable CRON[16219]: pam_unix(cron:session): session opened for user root by (uid=0)
Oct 17 07:39:01 metasploitable CRON[16219]: pam_unix(cron:session): session closed for user root
Oct 17 08:09:01 metasploitable CRON[16622]: pam_unix(cron:session): session opened for user root by (uid=0)
Oct 17 08:09:01 metasploitable CRON[16622]: pam_unix(cron:session): session closed for user root
Oct 17 08:17:01 metasploitable CRON[16739]: pam_unix(cron:session): session opened for user root by (uid=0)
Oct 17 08:17:01 metasploitable CRON[16739]: pam_unix(cron:session): session closed for user root
Oct 17 08:39:01 metasploitable CRON[17030]: pam_unix(cron:session): session opened for user root by (uid=0)
Oct 17 08:39:01 metasploitable CRON[17030]: pam_unix(cron:session): session closed for user root
Oct 17 09:09:01 metasploitable CRON[17433]: pam_unix(cron:session): session opened for user root by (uid=0)
Oct 17 09:09:01 metasploitable CRON[17433]: pam_unix(cron:session): session closed for user root
Oct 17 09:17:01 metasploitable CRON[17550]: pam_unix(cron:session): session opened for user root by (uid=0)
Oct 17 09:17:01 metasploitable CRON[17550]: pam_unix(cron:session): session closed for user root
Oct 17 09:39:01 metasploitable CRON[17840]: pam_unix(cron:session): session opened for user root by (uid=0)
Oct 17 09:39:01 metasploitable CRON[17840]: pam_unix(cron:session): session closed for user root
Oct 17 10:02:01 metasploitable CRON[18151]: pam_unix(cron:session): session opened for user root by (uid=0)
Oct 17 10:02:01 metasploitable CRON[18151]: pam_unix(cron:session): session closed for user root
Oct 17 10:09:01 metasploitable CRON[18247]: pam_unix(cron:session): session opened for user root by (uid=0)
Oct 17 10:09:01 metasploitable CRON[18247]: pam_unix(cron:session): session closed for user root
Oct 17 10:17:01 metasploitable CRON[18364]: pam_unix(cron:session): session opened for user root by (uid=0)
Oct 17 10:17:01 metasploitable CRON[18364]: pam_unix(cron:session): session closed for user root
Oct 17 10:39:01 metasploitable CRON[18654]: pam_unix(cron:session): session opened for user root by (uid=0)
Oct 17 10:39:01 metasploitable CRON[18654]: pam_unix(cron:session): session closed for user root
Oct 17 11:09:01 metasploitable CRON[19057]: pam_unix(cron:session): session opened for user root by (uid=0)
Oct 17 11:09:01 metasploitable CRON[19057]: pam_unix(cron:session): session closed for user root
Oct 17 11:17:01 metasploitable CRON[19174]: pam_unix(cron:session): session opened for user root by (uid=0)
Oct 17 11:17:01 metasploitable CRON[19174]: pam_unix(cron:session): session closed for user root
Oct 17 11:39:01 metasploitable CRON[19464]: pam_unix(cron:session): session opened for user root by (uid=0)
Oct 17 11:39:01 metasploitable CRON[19464]: pam_unix(cron:session): session closed for user root
Oct 17 12:09:01 metasploitable CRON[19868]: pam_unix(cron:session): session opened for user root by (uid=0)
Oct 17 12:09:01 metasploitable CRON[19868]: pam_unix(cron:session): session closed for user root
Oct 17 12:17:01 metasploitable CRON[19985]: pam_unix(cron:session): session opened for user root by (uid=0)
Oct 17 12:17:01 metasploitable CRON[19985]: pam_unix(cron:session): session closed for user root
Oct 17 12:39:01 metasploitable CRON[20275]: pam_unix(cron:session): session opened for user root by (uid=0)
Oct 17 12:39:01 metasploitable CRON[20275]: pam_unix(cron:session): session closed for user root
Oct 17 13:09:01 metasploitable CRON[20678]: pam_unix(cron:session): session opened for user root by (uid=0)
Oct 17 13:09:01 metasploitable CRON[20678]: pam_unix(cron:session): session closed for user root
Oct 17 13:17:01 metasploitable CRON[20795]: pam_unix(cron:session): session opened for user root by (uid=0)
Oct 17 13:17:01 metasploitable CRON[20795]: pam_unix(cron:session): session closed for user root
Oct 17 13:39:01 metasploitable CRON[21085]: pam_unix(cron:session): session opened for user root by (uid=0)
Oct 17 13:39:01 metasploitable CRON[21085]: pam_unix(cron:session): session closed for user root
Oct 17 14:09:01 metasploitable CRON[21488]: pam_unix(cron:session): session opened for user root by (uid=0)
Oct 17 14:09:01 metasploitable CRON[21488]: pam_unix(cron:session): session closed for user root
Oct 17 14:17:01 metasploitable CRON[21605]: pam_unix(cron:session): session opened for user root by (uid=0)
Oct 17 14:17:01 metasploitable CRON[21605]: pam_unix(cron:session): session closed for user root
Oct 17 14:39:01 metasploitable CRON[21895]: pam_unix(cron:session): session opened for user root by (uid=0)
Oct 17 14:39:01 metasploitable CRON[21895]: pam_unix(cron:session): session closed for user root
Oct 17 15:02:01 metasploitable CRON[22207]: pam_unix(cron:session): session opened for user root by (uid=0)
Oct 17 15:02:01 metasploitable CRON[22207]: pam_unix(cron:session): session closed for user root
Oct 17 15:09:01 metasploitable CRON[22303]: pam_unix(cron:session): session opened for user root by (uid=0)
Oct 17 15:09:01 metasploitable CRON[22303]: pam_unix(cron:session): session closed for user root
Oct 17 15:17:01 metasploitable CRON[22420]: pam_unix(cron:session): session opened for user root by (uid=0)
Oct 17 15:17:01 metasploitable CRON[22420]: pam_unix(cron:session): session closed for user root
Oct 17 15:39:01 metasploitable CRON[22710]: pam_unix(cron:session): session opened for user root by (uid=0)
Oct 17 15:39:01 metasploitable CRON[22710]: pam_unix(cron:session): session closed for user root
Oct 17 16:09:01 metasploitable CRON[23113]: pam_unix(cron:session): session opened for user root by (uid=0)
Oct 17 16:09:01 metasploitable CRON[23113]: pam_unix(cron:session): session closed for user root
Oct 17 16:17:01 metasploitable CRON[23230]: pam_unix(cron:session): session opened for user root by (uid=0)
Oct 17 16:17:01 metasploitable CRON[23230]: pam_unix(cron:session): session closed for user root
Oct 17 16:39:01 metasploitable CRON[23520]: pam_unix(cron:session): session opened for user root by (uid=0)
Oct 17 16:39:01 metasploitable CRON[23520]: pam_unix(cron:session): session closed for user root
Oct 17 17:09:01 metasploitable CRON[23924]: pam_unix(cron:session): session opened for user root by (uid=0)
Oct 17 17:09:01 metasploitable CRON[23924]: pam_unix(cron:session): session closed for user root
Oct 17 17:17:01 metasploitable CRON[24041]: pam_unix(cron:session): session opened for user root by (uid=0)
Oct 17 17:17:01 metasploitable CRON[24041]: pam_unix(cron:session): session closed for user root
Oct 17 17:39:01 metasploitable CRON[24331]: pam_unix(cron:session): session opened for user root by (uid=0)
Oct 17 17:39:01 metasploitable CRON[24331]: pam_unix(cron:session): session closed for user root
Oct 17 18:09:01 metasploitable CRON[24734]: pam_unix(cron:session): session opened for user root by (uid=0)
Oct 17 18:09:01 metasploitable CRON[24734]: pam_unix(cron:session): session closed for user root
Oct 17 18:17:01 metasploitable CRON[24851]: pam_unix(cron:session): session opened for user root by (uid=0)
Oct 17 18:17:01 metasploitable CRON[24851]: pam_unix(cron:session): session closed for user root
Oct 17 18:39:01 metasploitable CRON[25142]: pam_unix(cron:session): session opened for user root by (uid=0)
Oct 17 18:39:01 metasploitable CRON[25142]: pam_unix(cron:session): session closed for user root
Oct 17 19:09:01 metasploitable CRON[25545]: pam_unix(cron:session): session opened for user root by (uid=0)
Oct 17 19:09:01 metasploitable CRON[25545]: pam_unix(cron:session): session closed for user root
Oct 17 19:17:01 metasploitable CRON[25662]: pam_unix(cron:session): session opened for user root by (uid=0)
Oct 17 19:17:01 metasploitable CRON[25662]: pam_unix(cron:session): session closed for user root
Oct 17 19:39:01 metasploitable CRON[25952]: pam_unix(cron:session): session opened for user root by (uid=0)
Oct 17 19:39:01 metasploitable CRON[25952]: pam_unix(cron:session): session closed for user root
Oct 17 20:02:01 metasploitable CRON[26265]: pam_unix(cron:session): session opened for user root by (uid=0)
Oct 17 20:02:01 metasploitable CRON[26265]: pam_unix(cron:session): session closed for user root
Oct 17 20:09:01 metasploitable CRON[26361]: pam_unix(cron:session): session opened for user root by (uid=0)
Oct 17 20:09:01 metasploitable CRON[26361]: pam_unix(cron:session): session closed for user root
Oct 17 20:17:01 metasploitable CRON[26477]: pam_unix(cron:session): session opened for user root by (uid=0)
Oct 17 20:17:01 metasploitable CRON[26477]: pam_unix(cron:session): session closed for user root
Oct 17 20:39:01 metasploitable CRON[26786]: pam_unix(cron:session): session opened for user root by (uid=0)
Oct 17 20:39:01 metasploitable CRON[26786]: pam_unix(cron:session): session closed for user root
Oct 17 21:00:25 metasploitable useradd[27082]: new group: name=superduperadmin, GID=1042
Oct 17 21:00:25 metasploitable useradd[27082]: new user: name=superduperadmin, UID=0, GID=1042, home=/home/superduperadmin, shell=/bin/sh
Oct 17 21:00:49 metasploitable passwd[27090]: pam_unix(passwd:chauthtok): password changed for superduperadmin
Oct 17 21:09:01 metasploitable CRON[27313]: pam_unix(cron:session): session opened for user root by (uid=0)
Oct 17 21:09:02 metasploitable CRON[27313]: pam_unix(cron:session): session closed for user root
Oct 17 21:17:01 metasploitable CRON[27451]: pam_unix(cron:session): session opened for user root by (uid=0)
Oct 17 21:17:01 metasploitable CRON[27451]: pam_unix(cron:session): session closed for user root
Oct 17 21:27:21 metasploitable vsftpd: pam_unix(ftp:auth): authentication failure; logname= uid=0 euid=0 tty=ftp ruser=msfadmin rhost=192.168.1.7  user=msfadmin
Oct 17 21:39:01 metasploitable CRON[27782]: pam_unix(cron:session): session opened for user root by (uid=0)
Oct 17 21:39:01 metasploitable CRON[27782]: pam_unix(cron:session): session closed for user root
Oct 17 22:09:01 metasploitable CRON[28218]: pam_unix(cron:session): session opened for user root by (uid=0)
Oct 17 22:09:01 metasploitable CRON[28218]: pam_unix(cron:session): session closed for user root
Oct 17 22:17:01 metasploitable CRON[28343]: pam_unix(cron:session): session opened for user root by (uid=0)
Oct 17 22:17:01 metasploitable CRON[28343]: pam_unix(cron:session): session closed for user root
Oct 17 22:39:01 metasploitable CRON[28656]: pam_unix(cron:session): session opened for user root by (uid=0)
Oct 17 22:39:01 metasploitable CRON[28656]: pam_unix(cron:session): session closed for user root
Oct 17 23:09:01 metasploitable CRON[29091]: pam_unix(cron:session): session opened for user root by (uid=0)
Oct 17 23:09:01 metasploitable CRON[29091]: pam_unix(cron:session): session closed for user root
Oct 17 23:17:01 metasploitable CRON[29215]: pam_unix(cron:session): session opened for user root by (uid=0)
Oct 17 23:17:01 metasploitable CRON[29215]: pam_unix(cron:session): session closed for user root
Oct 17 23:39:01 metasploitable CRON[29529]: pam_unix(cron:session): session opened for user root by (uid=0)
Oct 17 23:39:02 metasploitable CRON[29529]: pam_unix(cron:session): session closed for user root
Oct 18 00:02:01 metasploitable CRON[29866]: pam_unix(cron:session): session opened for user root by (uid=0)
Oct 18 00:02:03 metasploitable CRON[29866]: pam_unix(cron:session): session closed for user root
Oct 18 00:09:01 metasploitable CRON[29968]: pam_unix(cron:session): session opened for user root by (uid=0)
Oct 18 00:09:01 metasploitable CRON[29968]: pam_unix(cron:session): session closed for user root
Oct 18 00:17:01 metasploitable CRON[30092]: pam_unix(cron:session): session opened for user root by (uid=0)
Oct 18 00:17:01 metasploitable CRON[30092]: pam_unix(cron:session): session closed for user root
Oct 18 00:39:01 metasploitable CRON[30405]: pam_unix(cron:session): session opened for user root by (uid=0)
Oct 18 00:39:01 metasploitable CRON[30405]: pam_unix(cron:session): session closed for user root
Oct 18 01:09:01 metasploitable CRON[30841]: pam_unix(cron:session): session opened for user root by (uid=0)
Oct 18 01:09:01 metasploitable CRON[30841]: pam_unix(cron:session): session closed for user root
Oct 18 01:17:01 metasploitable CRON[30965]: pam_unix(cron:session): session opened for user root by (uid=0)
Oct 18 01:17:01 metasploitable CRON[30965]: pam_unix(cron:session): session closed for user root
Oct 18 01:39:01 metasploitable CRON[31278]: pam_unix(cron:session): session opened for user root by (uid=0)
Oct 18 01:39:01 metasploitable CRON[31278]: pam_unix(cron:session): session closed for user root
Oct 18 02:09:01 metasploitable CRON[31713]: pam_unix(cron:session): session opened for user root by (uid=0)
Oct 18 02:09:01 metasploitable CRON[31713]: pam_unix(cron:session): session closed for user root
Oct 18 02:17:01 metasploitable CRON[31837]: pam_unix(cron:session): session opened for user root by (uid=0)
Oct 18 02:17:01 metasploitable CRON[31837]: pam_unix(cron:session): session closed for user root
Oct 18 02:39:01 metasploitable CRON[32150]: pam_unix(cron:session): session opened for user root by (uid=0)
Oct 18 02:39:01 metasploitable CRON[32150]: pam_unix(cron:session): session closed for user root
Oct 18 03:09:01 metasploitable CRON[32585]: pam_unix(cron:session): session opened for user root by (uid=0)
Oct 18 03:09:01 metasploitable CRON[32585]: pam_unix(cron:session): session closed for user root
Oct 18 03:17:01 metasploitable CRON[32709]: pam_unix(cron:session): session opened for user root by (uid=0)
Oct 18 03:17:01 metasploitable CRON[32709]: pam_unix(cron:session): session closed for user root
Oct 18 03:39:01 metasploitable CRON[554]: pam_unix(cron:session): session opened for user root by (uid=0)
Oct 18 03:39:01 metasploitable CRON[554]: pam_unix(cron:session): session closed for user root
Oct 18 04:09:01 metasploitable CRON[989]: pam_unix(cron:session): session opened for user root by (uid=0)
Oct 18 04:09:01 metasploitable CRON[989]: pam_unix(cron:session): session closed for user root
Oct 18 04:17:01 metasploitable CRON[1113]: pam_unix(cron:session): session opened for user root by (uid=0)
Oct 18 04:17:01 metasploitable CRON[1113]: pam_unix(cron:session): session closed for user root
Oct 18 04:39:01 metasploitable CRON[1429]: pam_unix(cron:session): session opened for user root by (uid=0)
Oct 18 04:39:01 metasploitable CRON[1429]: pam_unix(cron:session): session closed for user root
Oct 18 05:02:01 metasploitable CRON[1771]: pam_unix(cron:session): session opened for user root by (uid=0)
Oct 18 05:02:01 metasploitable CRON[1771]: pam_unix(cron:session): session closed for user root
Oct 18 05:09:01 metasploitable CRON[1873]: pam_unix(cron:session): session opened for user root by (uid=0)
Oct 18 05:09:01 metasploitable CRON[1873]: pam_unix(cron:session): session closed for user root
Oct 18 05:17:01 metasploitable CRON[1997]: pam_unix(cron:session): session opened for user root by (uid=0)
Oct 18 05:17:01 metasploitable CRON[1997]: pam_unix(cron:session): session closed for user root
Oct 18 05:39:01 metasploitable CRON[2311]: pam_unix(cron:session): session opened for user root by (uid=0)
Oct 18 05:39:01 metasploitable CRON[2311]: pam_unix(cron:session): session closed for user root
Oct 18 06:09:01 metasploitable CRON[2748]: pam_unix(cron:session): session opened for user root by (uid=0)
Oct 18 06:09:01 metasploitable CRON[2748]: pam_unix(cron:session): session closed for user root
Oct 18 06:17:01 metasploitable CRON[2873]: pam_unix(cron:session): session opened for user root by (uid=0)
Oct 18 06:17:01 metasploitable CRON[2873]: pam_unix(cron:session): session closed for user root
Oct 18 06:25:01 metasploitable CRON[2989]: pam_unix(cron:session): session opened for user root by (uid=0)
Oct 18 06:25:03 metasploitable sudo:     root : unable to resolve host metasploitable
Oct 18 06:25:03 metasploitable sudo:     root : TTY=unknown ; PWD=/ ; USER=msfadmin ; COMMAND=/usr/bin/gconftool --get /system/http_proxy/use_http_proxy
Oct 18 06:25:03 metasploitable sudo: pam_unix(sudo:session): session opened for user msfadmin by (uid=0)
Oct 18 06:25:03 metasploitable sudo: pam_unix(sudo:session): session closed for user msfadmin
Oct 18 06:25:04 metasploitable sudo:     root : unable to resolve host metasploitable
Oct 18 06:25:04 metasploitable sudo:     root : TTY=unknown ; PWD=/ ; USER=msfadmin ; COMMAND=/usr/bin/gconftool --get /system/http_proxy/host
Oct 18 06:25:04 metasploitable sudo: pam_unix(sudo:session): session opened for user msfadmin by (uid=0)
Oct 18 06:25:04 metasploitable sudo: pam_unix(sudo:session): session closed for user msfadmin
Oct 18 06:25:04 metasploitable sudo:     root : unable to resolve host metasploitable
Oct 18 06:25:04 metasploitable sudo:     root : TTY=unknown ; PWD=/ ; USER=msfadmin ; COMMAND=/usr/bin/gconftool --get /system/http_proxy/port
Oct 18 06:25:04 metasploitable sudo: pam_unix(sudo:session): session opened for user msfadmin by (uid=0)
Oct 18 06:25:04 metasploitable sudo: pam_unix(sudo:session): session closed for user msfadmin
Oct 18 06:39:01 metasploitable CRON[3224]: pam_unix(cron:session): session opened for user root by (uid=0)
Oct 18 06:39:01 metasploitable CRON[3224]: pam_unix(cron:session): session closed for user root
Oct 18 06:44:41 metasploitable CRON[2989]: pam_unix(cron:session): session closed for user root
Oct 18 07:09:01 metasploitable CRON[3776]: pam_unix(cron:session): session opened for user root by (uid=0)
Oct 18 07:09:01 metasploitable CRON[3776]: pam_unix(cron:session): session closed for user root
Oct 18 07:17:01 metasploitable CRON[3900]: pam_unix(cron:session): session opened for user root by (uid=0)
Oct 18 07:17:01 metasploitable CRON[3900]: pam_unix(cron:session): session closed for user root
Oct 18 07:39:01 metasploitable CRON[4215]: pam_unix(cron:session): session opened for user root by (uid=0)
Oct 18 07:39:01 metasploitable CRON[4215]: pam_unix(cron:session): session closed for user root
Oct 18 08:09:01 metasploitable CRON[4666]: pam_unix(cron:session): session opened for user root by (uid=0)
Oct 18 08:09:01 metasploitable CRON[4666]: pam_unix(cron:session): session closed for user root
Oct 18 08:17:01 metasploitable CRON[4796]: pam_unix(cron:session): session opened for user root by (uid=0)
Oct 18 08:17:01 metasploitable CRON[4796]: pam_unix(cron:session): session closed for user root
Oct 18 08:39:01 metasploitable CRON[5149]: pam_unix(cron:session): session opened for user root by (uid=0)
Oct 18 08:39:02 metasploitable CRON[5149]: pam_unix(cron:session): session closed for user root
Oct 18 09:09:01 metasploitable CRON[5724]: pam_unix(cron:session): session opened for user root by (uid=0)
Oct 18 09:09:01 metasploitable CRON[5724]: pam_unix(cron:session): session closed for user root
Oct 18 09:17:01 metasploitable CRON[5848]: pam_unix(cron:session): session opened for user root by (uid=0)
Oct 18 09:17:01 metasploitable CRON[5848]: pam_unix(cron:session): session closed for user root
Oct 18 09:39:01 metasploitable CRON[6162]: pam_unix(cron:session): session opened for user root by (uid=0)
Oct 18 09:39:01 metasploitable CRON[6162]: pam_unix(cron:session): session closed for user root
Oct 18 10:02:01 metasploitable CRON[6499]: pam_unix(cron:session): session opened for user root by (uid=0)
Oct 18 10:02:01 metasploitable CRON[6499]: pam_unix(cron:session): session closed for user root
Oct 18 10:09:01 metasploitable CRON[6601]: pam_unix(cron:session): session opened for user root by (uid=0)
Oct 18 10:09:01 metasploitable CRON[6601]: pam_unix(cron:session): session closed for user root
Oct 18 10:17:01 metasploitable CRON[6725]: pam_unix(cron:session): session opened for user root by (uid=0)
Oct 18 10:17:01 metasploitable CRON[6725]: pam_unix(cron:session): session closed for user root
Oct 18 10:39:01 metasploitable CRON[7038]: pam_unix(cron:session): session opened for user root by (uid=0)
Oct 18 10:39:01 metasploitable CRON[7038]: pam_unix(cron:session): session closed for user root
Oct 18 11:09:01 metasploitable CRON[7474]: pam_unix(cron:session): session opened for user root by (uid=0)
Oct 18 11:09:01 metasploitable CRON[7474]: pam_unix(cron:session): session closed for user root
Oct 18 11:17:01 metasploitable CRON[7598]: pam_unix(cron:session): session opened for user root by (uid=0)
Oct 18 11:17:01 metasploitable CRON[7598]: pam_unix(cron:session): session closed for user root
Oct 18 11:39:01 metasploitable CRON[7912]: pam_unix(cron:session): session opened for user root by (uid=0)
Oct 18 11:39:01 metasploitable CRON[7912]: pam_unix(cron:session): session closed for user root
Oct 18 12:09:01 metasploitable CRON[8350]: pam_unix(cron:session): session opened for user root by (uid=0)
Oct 18 12:09:01 metasploitable CRON[8350]: pam_unix(cron:session): session closed for user root
Oct 18 12:17:01 metasploitable CRON[8474]: pam_unix(cron:session): session opened for user root by (uid=0)
Oct 18 12:17:01 metasploitable CRON[8474]: pam_unix(cron:session): session closed for user root
Oct 18 12:39:01 metasploitable CRON[8788]: pam_unix(cron:session): session opened for user root by (uid=0)
Oct 18 12:39:01 metasploitable CRON[8788]: pam_unix(cron:session): session closed for user root
Oct 18 13:09:01 metasploitable CRON[9223]: pam_unix(cron:session): session opened for user root by (uid=0)
Oct 18 13:09:01 metasploitable CRON[9223]: pam_unix(cron:session): session closed for user root
Oct 18 13:17:01 metasploitable CRON[9347]: pam_unix(cron:session): session opened for user root by (uid=0)
Oct 18 13:17:01 metasploitable CRON[9347]: pam_unix(cron:session): session closed for user root
Oct 18 13:39:01 metasploitable CRON[9661]: pam_unix(cron:session): session opened for user root by (uid=0)
Oct 18 13:39:01 metasploitable CRON[9661]: pam_unix(cron:session): session closed for user root
Oct 18 14:09:01 metasploitable CRON[10095]: pam_unix(cron:session): session opened for user root by (uid=0)
Oct 18 14:09:01 metasploitable CRON[10095]: pam_unix(cron:session): session closed for user root
Oct 18 14:17:01 metasploitable CRON[10219]: pam_unix(cron:session): session opened for user root by (uid=0)
Oct 18 14:17:01 metasploitable CRON[10219]: pam_unix(cron:session): session closed for user root
Oct 18 14:39:01 metasploitable CRON[10534]: pam_unix(cron:session): session opened for user root by (uid=0)
Oct 18 14:39:01 metasploitable CRON[10534]: pam_unix(cron:session): session closed for user root
Oct 18 15:02:01 metasploitable CRON[10870]: pam_unix(cron:session): session opened for user root by (uid=0)
Oct 18 15:02:02 metasploitable CRON[10870]: pam_unix(cron:session): session closed for user root
Oct 18 15:09:01 metasploitable CRON[10972]: pam_unix(cron:session): session opened for user root by (uid=0)
Oct 18 15:09:01 metasploitable CRON[10972]: pam_unix(cron:session): session closed for user root
Oct 18 15:17:01 metasploitable CRON[11096]: pam_unix(cron:session): session opened for user root by (uid=0)
Oct 18 15:17:01 metasploitable CRON[11096]: pam_unix(cron:session): session closed for user root
Oct 18 15:39:01 metasploitable CRON[11768]: pam_unix(cron:session): session opened for user root by (uid=0)
Oct 18 15:39:01 metasploitable CRON[11768]: pam_unix(cron:session): session closed for user root
Oct 18 16:09:01 metasploitable CRON[12203]: pam_unix(cron:session): session opened for user root by (uid=0)
Oct 18 16:09:01 metasploitable CRON[12203]: pam_unix(cron:session): session closed for user root
Oct 18 16:17:01 metasploitable CRON[12328]: pam_unix(cron:session): session opened for user root by (uid=0)
Oct 18 16:17:01 metasploitable CRON[12328]: pam_unix(cron:session): session closed for user root
Oct 18 16:39:01 metasploitable CRON[12642]: pam_unix(cron:session): session opened for user root by (uid=0)
Oct 18 16:39:01 metasploitable CRON[12642]: pam_unix(cron:session): session closed for user root
Oct 18 17:09:01 metasploitable CRON[13076]: pam_unix(cron:session): session opened for user root by (uid=0)
Oct 18 17:09:01 metasploitable CRON[13076]: pam_unix(cron:session): session closed for user root
Oct 18 17:17:01 metasploitable CRON[13200]: pam_unix(cron:session): session opened for user root by (uid=0)
Oct 18 17:17:01 metasploitable CRON[13200]: pam_unix(cron:session): session closed for user root
Oct 18 17:39:01 metasploitable CRON[13514]: pam_unix(cron:session): session opened for user root by (uid=0)
Oct 18 17:39:02 metasploitable CRON[13514]: pam_unix(cron:session): session closed for user root
Oct 18 18:09:01 metasploitable CRON[13949]: pam_unix(cron:session): session opened for user root by (uid=0)
Oct 18 18:09:01 metasploitable CRON[13949]: pam_unix(cron:session): session closed for user root
Oct 18 18:17:01 metasploitable CRON[14073]: pam_unix(cron:session): session opened for user root by (uid=0)
Oct 18 18:17:01 metasploitable CRON[14073]: pam_unix(cron:session): session closed for user root
Oct 18 18:39:01 metasploitable CRON[14386]: pam_unix(cron:session): session opened for user root by (uid=0)
Oct 18 18:39:01 metasploitable CRON[14386]: pam_unix(cron:session): session closed for user root
Oct 18 19:09:01 metasploitable CRON[14821]: pam_unix(cron:session): session opened for user root by (uid=0)
Oct 18 19:09:01 metasploitable CRON[14821]: pam_unix(cron:session): session closed for user root
Oct 18 19:17:01 metasploitable CRON[14945]: pam_unix(cron:session): session opened for user root by (uid=0)
Oct 18 19:17:01 metasploitable CRON[14945]: pam_unix(cron:session): session closed for user root
Oct 18 19:39:01 metasploitable CRON[15259]: pam_unix(cron:session): session opened for user root by (uid=0)
Oct 18 19:39:01 metasploitable CRON[15259]: pam_unix(cron:session): session closed for user root
Oct 18 20:02:01 metasploitable CRON[15597]: pam_unix(cron:session): session opened for user root by (uid=0)
Oct 18 20:02:01 metasploitable CRON[15597]: pam_unix(cron:session): session closed for user root
Oct 18 20:09:01 metasploitable CRON[15699]: pam_unix(cron:session): session opened for user root by (uid=0)
Oct 18 20:09:01 metasploitable CRON[15699]: pam_unix(cron:session): session closed for user root
Oct 18 20:17:01 metasploitable CRON[15823]: pam_unix(cron:session): session opened for user root by (uid=0)
Oct 18 20:17:01 metasploitable CRON[15823]: pam_unix(cron:session): session closed for user root
Oct 18 20:39:01 metasploitable CRON[16136]: pam_unix(cron:session): session opened for user root by (uid=0)
Oct 18 20:39:01 metasploitable CRON[16136]: pam_unix(cron:session): session closed for user root
Oct 18 21:09:01 metasploitable CRON[16572]: pam_unix(cron:session): session opened for user root by (uid=0)
Oct 18 21:09:01 metasploitable CRON[16572]: pam_unix(cron:session): session closed for user root
Oct 18 21:17:01 metasploitable CRON[16697]: pam_unix(cron:session): session opened for user root by (uid=0)
Oct 18 21:17:01 metasploitable CRON[16697]: pam_unix(cron:session): session closed for user root
Oct 18 21:39:01 metasploitable CRON[17009]: pam_unix(cron:session): session opened for user root by (uid=0)
Oct 18 21:39:01 metasploitable CRON[17009]: pam_unix(cron:session): session closed for user root
